library/build/intermediates/manifest_merge_blame_file/debug/manifest-merger-blame-debug-report.txt
1<?xml version="1.0" encoding="utf-8"?>
2<manifest xmlns:android="http://schemas.android.com/apk/res/android"
3    package="com.sothree.slidinguppanel.library"
4    android:versionCode="17"
5    android:versionName="3.4.0" >
6
7    <uses-sdk
7-->src/main/AndroidManifest.xml:7:5-8:38
8        android:minSdkVersion="1"
8-->src/main/AndroidManifest.xml:8:9-35
9        android:targetSdkVersion="1" />
9-->src/main/AndroidManifest.xml:7:5-8:38
10
11    <application />
11-->src/main/AndroidManifest.xml:10:5-20
12
13</manifest>